INFO: 2025/04/02 22:02:12 logger.go:40: Request: GET /
INFO: 2025/04/02 22:28:22 logger.go:40: Request: GET /
INFO: 2025/04/02 22:28:23 logger.go:40: Request: GET /
INFO: 2025/04/02 22:28:24 logger.go:40: Request: GET /
INFO: 2025/04/02 22:30:36 logger.go:40: Request: GET / | Duration: 0s
INFO: 2025/04/02 22:53:00 logger.go:40: Request: GET / | Duration: 0s
INFO: 2025/04/02 22:53:00 logger.go:40: Request: GET / | Duration: 0s
INFO: 2025/04/02 22:53:00 logger.go:40: Request: GET /favicon.ico | Duration: 0s
INFO: 2025/04/02 22:53:10 logger.go:40: Request: GET /api | Duration: 0s
INFO: 2025/04/02 22:53:14 logger.go:40: Request: GET /api/ | Duration: 0s
INFO: 2025/04/02 22:53:28 logger.go:40: Request: GET /api/users | Duration: 0s
INFO: 2025/04/02 22:53:31 logger.go:40: Request: GET /api/users/ | Duration: 0s
INFO: 2025/04/02 22:53:43 logger.go:40: Request: GET /api/users/ | Duration: 0s
INFO: 2025/04/02 23:56:22 logger.go:40: Request: GET /api/users/ | Duration: 0s
INFO: 2025/04/02 23:56:22 logger.go:40: Request: GET /favicon.ico | Duration: 0s
INFO: 2025/04/02 23:56:25 logger.go:40: Request: GET /api/users/ | Duration: 0s
INFO: 2025/04/03 00:10:30 logger.go:40: Request: GET /ws | Duration: 507.2µs
INFO: 2025/04/03 00:14:33 logger.go:40: Request: GET /ws | Duration: 0s
INFO: 2025/04/03 00:14:44 logger.go:40: Request: GET /ws | Duration: 0s
INFO: 2025/04/03 00:15:09 logger.go:40: Request: GET /ws | Duration: 0s
INFO: 2025/04/03 00:15:09 logger.go:40: Request: GET /ws | Duration: 0s
INFO: 2025/04/03 00:15:12 logger.go:40: Request: GET /ws | Duration: 0s
INFO: 2025/04/03 00:15:13 logger.go:40: Request: GET /ws | Duration: 0s
INFO: 2025/04/03 00:16:30 logger.go:40: Request: GET /api/ws | Duration: 0s
INFO: 2025/04/03 00:16:45 logger.go:40: Request: GET /ws | Duration: 0s
INFO: 2025/04/03 00:16:47 logger.go:40: Request: GET /ws | Duration: 0s
INFO: 2025/04/03 00:17:16 logger.go:40: Request: GET /ws | Duration: 0s
INFO: 2025/04/03 00:17:16 logger.go:40: Request: GET /ws | Duration: 0s
INFO: 2025/04/03 00:17:19 logger.go:40: Request: GET /ws | Duration: 0s
INFO: 2025/04/03 00:17:19 logger.go:40: Request: GET /ws | Duration: 0s
INFO: 2025/04/03 00:17:26 logger.go:40: Request: GET /ws | Duration: 0s
INFO: 2025/04/03 00:17:26 logger.go:40: Request: GET /ws | Duration: 0s
INFO: 2025/04/03 00:17:34 logger.go:40: Request: GET /ws | Duration: 0s
INFO: 2025/04/03 00:17:34 logger.go:40: Request: GET /ws | Duration: 0s
INFO: 2025/04/03 00:17:39 logger.go:40: Request: GET /ws | Duration: 0s
INFO: 2025/04/03 00:17:39 logger.go:40: Request: GET /ws | Duration: 22.3µs
INFO: 2025/04/03 00:17:40 logger.go:40: Request: GET /ws | Duration: 506.7µs
INFO: 2025/04/03 00:17:40 logger.go:40: Request: GET /ws | Duration: 0s
INFO: 2025/04/03 00:17:42 logger.go:40: Request: GET /ws | Duration: 0s
INFO: 2025/04/03 00:17:42 logger.go:40: Request: GET /ws | Duration: 0s
INFO: 2025/04/03 00:18:04 logger.go:40: Request: GET /ws | Duration: 0s
INFO: 2025/04/03 00:18:05 logger.go:40: Request: GET /ws | Duration: 0s
INFO: 2025/04/03 00:19:17 logger.go:40: Request: GET /ws | Duration: 0s
INFO: 2025/04/03 00:19:17 logger.go:40: Request: GET /ws | Duration: 0s
INFO: 2025/04/03 00:19:31 logger.go:40: Request: GET /ws | Duration: 0s
INFO: 2025/04/03 00:19:34 logger.go:40: Request: GET /ws | Duration: 0s
INFO: 2025/04/03 00:19:48 logger.go:40: Request: GET //ws | Duration: 506.2µs
INFO: 2025/04/03 00:19:54 logger.go:40: Request: GET /users/ws | Duration: 0s
INFO: 2025/04/03 00:21:21 logger.go:40: Request: GET /ws | Duration: 0s
INFO: 2025/04/03 00:21:25 logger.go:40: Request: GET /ws | Duration: 0s
INFO: 2025/04/03 00:21:27 logger.go:40: Request: GET /ws | Duration: 0s
INFO: 2025/04/03 00:21:29 logger.go:40: Request: GET /ws | Duration: 0s
INFO: 2025/04/03 00:22:49 logger.go:40: Request: GET / | Duration: 0s
INFO: 2025/04/03 00:22:49 logger.go:40: Request: GET /favicon.ico | Duration: 0s
INFO: 2025/04/03 00:23:25 logger.go:40: Request: GET / | Duration: 12.2µs
INFO: 2025/04/03 00:25:23 logger.go:40: Request: GET /ws | Duration: 0s
INFO: 2025/04/03 00:25:23 logger.go:40: Request: GET /ws | Duration: 0s
INFO: 2025/04/03 00:25:45 logger.go:40: Request: GET /ws | Duration: 0s
INFO: 2025/04/03 00:25:50 logger.go:40: Request: GET /ws | Duration: 0s
INFO: 2025/04/03 00:25:50 logger.go:40: Request: GET /ws | Duration: 0s
INFO: 2025/04/03 00:26:58 logger.go:40: Request: GET / | Duration: 0s
INFO: 2025/04/03 00:26:58 logger.go:40: Request: GET /favicon.ico | Duration: 0s
INFO: 2025/04/03 00:27:03 logger.go:40: Request: GET /ws | Duration: 0s
INFO: 2025/04/03 00:27:17 logger.go:40: Request: GET /ws | Duration: 0s
INFO: 2025/04/03 00:27:18 logger.go:40: Request: GET /ws | Duration: 0s
INFO: 2025/04/03 00:27:24 logger.go:40: Request: GET /ws | Duration: 0s
INFO: 2025/04/03 00:27:31 logger.go:40: Request: GET /ws | Duration: 0s
INFO: 2025/04/03 00:27:32 logger.go:40: Request: GET /ws | Duration: 0s
INFO: 2025/04/03 00:27:33 logger.go:40: Request: GET /ws | Duration: 0s
INFO: 2025/04/03 00:27:34 logger.go:40: Request: GET /ws | Duration: 0s
INFO: 2025/04/03 00:27:40 logger.go:40: Request: GET /ws | Duration: 0s
INFO: 2025/04/03 00:27:43 logger.go:40: Request: GET / | Duration: 0s
INFO: 2025/04/03 00:27:50 logger.go:40: Request: GET /ws | Duration: 0s
INFO: 2025/04/03 00:27:51 logger.go:40: Request: GET /ws | Duration: 0s
INFO: 2025/04/03 00:27:52 logger.go:40: Request: GET /ws | Duration: 0s
INFO: 2025/04/03 00:28:02 logger.go:40: Request: GET / | Duration: 0s
INFO: 2025/04/03 00:28:03 logger.go:40: Request: GET / | Duration: 0s
INFO: 2025/04/03 00:28:04 logger.go:40: Request: GET / | Duration: 0s
INFO: 2025/04/03 00:28:04 logger.go:40: Request: GET / | Duration: 330.3µs
INFO: 2025/04/03 00:28:04 logger.go:40: Request: GET / | Duration: 0s
INFO: 2025/04/03 00:28:04 logger.go:40: Request: GET / | Duration: 0s
INFO: 2025/04/03 00:28:04 logger.go:40: Request: GET / | Duration: 0s
INFO: 2025/04/03 00:28:05 logger.go:40: Request: GET / | Duration: 0s
INFO: 2025/04/03 00:28:12 logger.go:40: Request: GET / | Duration: 0s
INFO: 2025/04/03 00:28:39 logger.go:40: Request: GET /ws | Duration: 0s
INFO: 2025/04/03 00:28:41 logger.go:40: Request: GET /ws | Duration: 0s
INFO: 2025/04/03 00:28:42 logger.go:40: Request: GET /ws | Duration: 0s
INFO: 2025/04/03 00:28:44 logger.go:40: Request: GET /ws | Duration: 0s
INFO: 2025/04/03 00:28:48 logger.go:40: Request: GET /ws | Duration: 0s
INFO: 2025/04/03 00:28:53 logger.go:40: Request: GET / | Duration: 0s
INFO: 2025/04/03 00:29:06 logger.go:40: Request: GET / | Duration: 0s
INFO: 2025/04/03 00:29:16 logger.go:40: Request: GET /ws | Duration: 0s
INFO: 2025/04/03 00:29:18 logger.go:40: Request: GET /ws | Duration: 0s
INFO: 2025/04/03 00:29:50 logger.go:40: Request: GET /ws | Duration: 0s
INFO: 2025/04/03 00:29:50 logger.go:40: Request: GET /ws | Duration: 0s
INFO: 2025/04/03 00:29:55 logger.go:40: Request: GET /ws | Duration: 0s
INFO: 2025/04/03 00:29:56 logger.go:40: Request: GET /ws | Duration: 0s
INFO: 2025/04/03 00:29:59 logger.go:40: Request: GET / | Duration: 0s
INFO: 2025/04/03 00:30:09 logger.go:40: Request: GET /ws | Duration: 0s
INFO: 2025/04/03 00:30:32 logger.go:40: Request: GET /ws | Duration: 0s
INFO: 2025/04/03 00:30:32 logger.go:40: Request: GET /ws | Duration: 0s
INFO: 2025/04/03 00:30:33 logger.go:40: Request: GET /ws | Duration: 0s
INFO: 2025/04/03 00:30:33 logger.go:40: Request: GET /ws | Duration: 0s
INFO: 2025/04/03 00:30:36 logger.go:40: Request: GET /ws | Duration: 0s
INFO: 2025/04/03 00:30:36 logger.go:40: Request: GET /ws | Duration: 1.0022ms
INFO: 2025/04/03 00:30:48 logger.go:40: Request: GET /ws | Duration: 0s
INFO: 2025/04/03 00:32:04 logger.go:40: Request: GET /ws | Duration: 0s
INFO: 2025/04/03 00:32:04 logger.go:40: Request: GET /ws | Duration: 0s
INFO: 2025/04/03 00:32:07 logger.go:40: Request: GET /ws | Duration: 0s
INFO: 2025/04/03 00:32:07 logger.go:40: Request: GET /ws | Duration: 0s
INFO: 2025/04/03 00:32:08 logger.go:40: Request: GET /ws | Duration: 0s
INFO: 2025/04/03 00:32:08 logger.go:40: Request: GET /ws | Duration: 0s
INFO: 2025/04/03 00:32:49 logger.go:40: Request: GET /ws | Duration: 0s
INFO: 2025/04/03 00:48:24 logger.go:40: Request: GET /ws | Duration: 0s
INFO: 2025/04/03 00:48:24 logger.go:40: Request: GET /ws | Duration: 0s
INFO: 2025/04/03 00:48:24 logger.go:40: Request: GET /ws | Duration: 0s
INFO: 2025/04/03 00:48:26 logger.go:40: Request: GET /ws | Duration: 0s
INFO: 2025/04/03 00:48:26 logger.go:40: Request: GET /ws | Duration: 0s
INFO: 2025/04/03 00:48:26 logger.go:40: Request: GET /ws | Duration: 0s
INFO: 2025/04/03 00:48:32 logger.go:40: Request: GET /ws | Duration: 0s
INFO: 2025/04/03 00:48:32 logger.go:40: Request: GET /ws | Duration: 0s
INFO: 2025/04/03 00:48:32 logger.go:40: Request: GET /ws | Duration: 0s
INFO: 2025/04/03 00:48:36 logger.go:40: Request: GET /ws | Duration: 0s
INFO: 2025/04/03 00:48:36 logger.go:40: Request: GET /ws | Duration: 0s
INFO: 2025/04/03 00:48:36 logger.go:40: Request: GET /ws | Duration: 0s
INFO: 2025/04/03 00:48:42 logger.go:40: Request: GET /ws | Duration: 518.5µs
INFO: 2025/04/03 00:48:42 logger.go:40: Request: GET /ws | Duration: 0s
INFO: 2025/04/03 00:48:43 logger.go:40: Request: GET /ws | Duration: 0s
INFO: 2025/04/03 00:48:56 logger.go:40: Request: GET /ws | Duration: 530.2µs
INFO: 2025/04/03 00:49:05 logger.go:40: Request: GET /ws | Duration: 0s
